Arguments: 
  C:\Program Files\nodejs\node.exe C:\Program Files\nodejs\node_modules\yarn\bin\yarn.js

PATH: 
  C:\Users\kyadav\bin;C:\Program Files\Git\mingw64\bin;C:\Program Files\Git\usr\local\bin;C:\Program Files\Git\usr\bin;C:\Program Files\Git\usr\bin;C:\Program Files\Git\mingw64\bin;C:\Program Files\Git\usr\bin;C:\Users\kyadav\bin;C:\Program Files (x86)\Common Files\Oracle\Java\javapath;C:\Windows\system32;C:\Windows;C:\Windows\System32\Wbem;C:\Windows\System32\WindowsPowerShell\v1.0;C:\Windows\System32\OpenSSH;C:\Users\Karan\Documents\flutter\bin;C:\Program Files\Git\cmd;C:\Users\Karan\AppData\Local\Android\Sdk\platform-tools;C:\Users\kyadav\AppData\Roaming\nvm;C:\Program Files\nodejs;C:\Program Files\Amazon\AWSSAMCLI\bin;C:\Program Files\Amazon\AWSCLIV2;C:\ProgramData\chocolatey\bin;C:\Program Files\Docker\Docker\resources\bin;C:\ProgramData\DockerDesktop\version-bin;C:\Program Files\dotnet;C:\Program Files\Microsoft SQL Server\130\Tools\Binn;C:\Program Files\Microsoft SQL Server\Client SDK\ODBC\170\Tools\Binn;C:\Program Files\Memurai;C:\Users\kyadav\.poetry\bin;C:\Users\kyadav\AppData\Local\Programs\Python\Python39\Scripts;C:\Users\kyadav\AppData\Local\Programs\Python\Python39;C:\Users\kyadav\scoop\shims;C:\Users\kyadav\AppData\Local\Microsoft\WindowsApps;C:\Users\kyadav\AppData\Local\Programs\Microsoft VS Code\bin;C:\Users\kyadav\AppData\Roaming\nvm;C:\Program Files\nodejs;C:\Users\kyadav\bin;C:\Users\kyadav\Downloads\qpdf-10.3.2-bin-msvc64\qpdf-10.3.2\bin;C:\Users\kyadav\.dotnet\tools;C:\Program Files\Git\usr\bin\vendor_perl;C:\Program Files\Git\usr\bin\core_perl

Yarn version: 
  1.22.10

Node version: 
  14.15.0

Platform: 
  win32 x64

Trace: 
  Error: https://registry.yarnpkg.com/@hangar31%2feslint-config-h31: Not found
      at Request.params.callback [as _callback] (C:\Users\kyadav\AppData\Roaming\nvm\v14.15.0\node_modules\yarn\lib\cli.js:66988:18)
      at Request.self.callback (C:\Users\kyadav\AppData\Roaming\nvm\v14.15.0\node_modules\yarn\lib\cli.js:140662:22)
      at Request.emit (events.js:315:20)
      at Request.<anonymous> (C:\Users\kyadav\AppData\Roaming\nvm\v14.15.0\node_modules\yarn\lib\cli.js:141634:10)
      at Request.emit (events.js:315:20)
      at IncomingMessage.<anonymous> (C:\Users\kyadav\AppData\Roaming\nvm\v14.15.0\node_modules\yarn\lib\cli.js:141556:12)
      at Object.onceWrapper (events.js:421:28)
      at IncomingMessage.emit (events.js:327:22)
      at endReadableNT (_stream_readable.js:1327:12)
      at processTicksAndRejections (internal/process/task_queues.js:80:21)

npm manifest: 
  {
    "name": "node-ts-quickbooks",
    "version": "0.0.4",
    "description": "Node SDK for Quickbooks with types",
    "scripts": {
      "tsc:w": "tsc -w",
      "prepublish": "tsc",
      "postversion": " npm publish; git push && git push --tags",
      "update": "tsc; git add .; git commit; npm version patch"
    },
    "main": "dist/index.js",
    "types": "dist/index.d.ts",
    "files": [
      "dist/**/*.js",
      "dist/**/*.d.ts"
    ],
    "keywords": [],
    "author": "Rachel Higley",
    "license": "ISC",
    "devDependencies": {
      "@babel/core": "^7.14.8",
      "@babel/preset-typescript": "^7.14.5",
      "@babel/types": "^7.14.8",
      "@hangar31/eslint-config-h31": "^0.0.19",
      "@types/node": "^16.3.3",
      "@types/uuid": "^8.3.1",
      "@typescript-eslint/eslint-plugin": "^4.28.4",
      "@typescript-eslint/parser": "^4.28.4",
      "eslint": "^7.31.0",
      "eslint-plugin-import": "^2.23.4",
      "eslint-plugin-jsx-a11y": "^6.4.1",
      "eslint-plugin-prettier": "^3.4.0",
      "eslint-plugin-simple-import-sort": "^7.0.0",
      "eslint-plugin-sort-destructure-keys": "^1.3.5",
      "eslint-plugin-sort-imports-es6-autofix": "^0.6.0",
      "eslint-plugin-sort-keys-fix": "^1.1.1",
      "prettier": "^2.3.2",
      "typescript": "^4.3.5"
    },
    "dependencies": {
      "got": "^11.8.2",
      "ts-node": "^10.1.0",
      "uuid": "^8.3.2"
    },
    "repository": {
      "type": "git",
      "url": "git+https://github.com/Hangar-31/node-ts-quickbooks.git"
    },
    "bugs": {
      "url": "https://github.com/Hangar-31/node-ts-quickbooks/issues"
    },
    "homepage": "https://github.com/Hangar-31/node-ts-quickbooks#readme"
  }

yarn manifest: 
  No manifest

Lockfile: 
  No lockfile
